# JRE version: Java(TM) SE Runtime Environment (8.0_281-b09) (build 1.8.0_281-b09)
# Java VM: Java HotSpot(TM) 64-Bit Server VM (25.281-b09 mixed mode windows-amd64 compressed oops)
Heap:
 PSYoungGen      total 171008K, used 114576K [0x00000000d5c00000, 0x00000000e3f80000, 0x0000000100000000)
  eden space 157184K, 64% used [0x00000000d5c00000,0x00000000dbe6c090,0x00000000df580000)
  from space 13824K, 99% used [0x00000000df580000,0x00000000e02f82d0,0x00000000e0300000)
  to   space 16384K, 0% used [0x00000000e2f80000,0x00000000e2f80000,0x00000000e3f80000)
 ParOldGen       total 94208K, used 19532K [0x0000000081400000, 0x0000000087000000, 0x00000000d5c00000)
  object space 94208K, 20% used [0x0000000081400000,0x0000000082713018,0x0000000087000000)
 Metaspace       used 53612K, capacity 55526K, committed 55768K, reserved 1097728K
  class space    used 7206K, capacity 7559K, committed 7680K, reserved 1048576K
GC Heap History (10 events):
Event: 3.493 GC heap before
{Heap before GC invocations=7 (full 1):
 PSYoungGen      total 71680K, used 66560K [0x00000000d5c00000, 0x00000000def00000, 0x0000000100000000)
  eden space 66560K, 100% used [0x00000000d5c00000,0x00000000d9d00000,0x00000000d9d00000)
  from space 5120K, 0% used [0x00000000d9d00000,0x00000000d9d00000,0x00000000da200000)
  to   space 8704K, 0% used [0x00000000de680000,0x00000000de680000,0x00000000def00000)
 ParOldGen       total 55808K, used 6248K [0x0000000081400000, 0x0000000084a80000, 0x00000000d5c00000)
  object space 55808K, 11% used [0x0000000081400000,0x0000000081a1a0a8,0x0000000084a80000)
 Metaspace       used 24013K, capacity 24678K, committed 24832K, reserved 1071104K
  class space    used 3058K, capacity 3243K, committed 3328K, reserved 1048576K
Event: 3.498 GC heap after
Heap after GC invocations=7 (full 1):
 PSYoungGen      total 108032K, used 3740K [0x00000000d5c00000, 0x00000000dea80000, 0x0000000100000000)
  eden space 103936K, 0% used [0x00000000d5c00000,0x00000000d5c00000,0x00000000dc180000)
  from space 4096K, 91% used [0x00000000de680000,0x00000000dea27268,0x00000000dea80000)
  to   space 8704K, 0% used [0x00000000dd980000,0x00000000dd980000,0x00000000de200000)
 ParOldGen       total 55808K, used 6320K [0x0000000081400000, 0x0000000084a80000, 0x00000000d5c00000)
  object space 55808K, 11% used [0x0000000081400000,0x0000000081a2c0b8,0x0000000084a80000)
 Metaspace       used 24013K, capacity 24678K, committed 24832K, reserved 1071104K
  class space    used 3058K, capacity 3243K, committed 3328K, reserved 1048576K
}
Event: 5.224 GC heap before
{Heap before GC invocations=8 (full 1):
 PSYoungGen      total 108032K, used 107676K [0x00000000d5c00000, 0x00000000dea80000, 0x0000000100000000)
  eden space 103936K, 100% used [0x00000000d5c00000,0x00000000dc180000,0x00000000dc180000)
  from space 4096K, 91% used [0x00000000de680000,0x00000000dea27268,0x00000000dea80000)
  to   space 8704K, 0% used [0x00000000dd980000,0x00000000dd980000,0x00000000de200000)
 ParOldGen       total 55808K, used 6320K [0x0000000081400000, 0x0000000084a80000, 0x00000000d5c00000)
  object space 55808K, 11% used [0x0000000081400000,0x0000000081a2c0b8,0x0000000084a80000)
 Metaspace       used 30231K, capacity 31554K, committed 31616K, reserved 1077248K
  class space    used 3917K, capacity 4187K, committed 4224K, reserved 1048576K
Event: 5.243 GC heap after
Heap after GC invocations=8 (full 1):
 PSYoungGen      total 137216K, used 8702K [0x00000000d5c00000, 0x00000000e0e00000, 0x0000000100000000)
  eden space 128512K, 0% used [0x00000000d5c00000,0x00000000d5c00000,0x00000000dd980000)
  from space 8704K, 99% used [0x00000000dd980000,0x00000000de1ffbe8,0x00000000de200000)
  to   space 11264K, 0% used [0x00000000e0300000,0x00000000e0300000,0x00000000e0e00000)
 ParOldGen       total 55808K, used 9049K [0x0000000081400000, 0x0000000084a80000, 0x00000000d5c00000)
  object space 55808K, 16% used [0x0000000081400000,0x0000000081cd6620,0x0000000084a80000)
 Metaspace       used 30231K, capacity 31554K, committed 31616K, reserved 1077248K
  class space    used 3917K, capacity 4187K, committed 4224K, reserved 1048576K
}
Event: 6.062 GC heap before
{Heap before GC invocations=9 (full 1):
 PSYoungGen      total 137216K, used 86959K [0x00000000d5c00000, 0x00000000e0e00000, 0x0000000100000000)
  eden space 128512K, 60% used [0x00000000d5c00000,0x00000000da86c1d0,0x00000000dd980000)
  from space 8704K, 99% used [0x00000000dd980000,0x00000000de1ffbe8,0x00000000de200000)
  to   space 11264K, 0% used [0x00000000e0300000,0x00000000e0300000,0x00000000e0e00000)
 ParOldGen       total 55808K, used 9049K [0x0000000081400000, 0x0000000084a80000, 0x00000000d5c00000)
  object space 55808K, 16% used [0x0000000081400000,0x0000000081cd6620,0x0000000084a80000)
 Metaspace       used 33951K, capacity 35300K, committed 35416K, reserved 1079296K
  class space    used 4380K, capacity 4654K, committed 4736K, reserved 1048576K
Event: 6.079 GC heap after
Heap after GC invocations=9 (full 1):
 PSYoungGen      total 168448K, used 11259K [0x00000000d5c00000, 0x00000000e3980000, 0x0000000100000000)
  eden space 157184K, 0% used [0x00000000d5c00000,0x00000000d5c00000,0x00000000df580000)
  from space 11264K, 99% used [0x00000000e0300000,0x00000000e0dfecc8,0x00000000e0e00000)
  to   space 13824K, 0% used [0x00000000df580000,0x00000000df580000,0x00000000e0300000)
 ParOldGen       total 55808K, used 11960K [0x0000000081400000, 0x0000000084a80000, 0x00000000d5c00000)
  object space 55808K, 21% used [0x0000000081400000,0x0000000081fae370,0x0000000084a80000)
 Metaspace       used 33951K, capacity 35300K, committed 35416K, reserved 1079296K
  class space    used 4380K, capacity 4654K, committed 4736K, reserved 1048576K
}
Event: 6.079 GC heap before
{Heap before GC invocations=10 (full 2):
 PSYoungGen      total 168448K, used 11259K [0x00000000d5c00000, 0x00000000e3980000, 0x0000000100000000)
  eden space 157184K, 0% used [0x00000000d5c00000,0x00000000d5c00000,0x00000000df580000)
  from space 11264K, 99% used [0x00000000e0300000,0x00000000e0dfecc8,0x00000000e0e00000)
  to   space 13824K, 0% used [0x00000000df580000,0x00000000df580000,0x00000000e0300000)
 ParOldGen       total 55808K, used 11960K [0x0000000081400000, 0x0000000084a80000, 0x00000000d5c00000)
  object space 55808K, 21% used [0x0000000081400000,0x0000000081fae370,0x0000000084a80000)
 Metaspace       used 33951K, capacity 35300K, committed 35416K, reserved 1079296K
  class space    used 4380K, capacity 4654K, committed 4736K, reserved 1048576K
Event: 6.165 GC heap after
Heap after GC invocations=10 (full 2):
 PSYoungGen      total 168448K, used 0K [0x00000000d5c00000, 0x00000000e3980000, 0x0000000100000000)
  eden space 157184K, 0% used [0x00000000d5c00000,0x00000000d5c00000,0x00000000df580000)
  from space 11264K, 0% used [0x00000000e0300000,0x00000000e0300000,0x00000000e0e00000)
  to   space 13824K, 0% used [0x00000000df580000,0x00000000df580000,0x00000000e0300000)
 ParOldGen       total 94208K, used 18321K [0x0000000081400000, 0x0000000087000000, 0x00000000d5c00000)
  object space 94208K, 19% used [0x0000000081400000,0x00000000825e45d8,0x0000000087000000)
 Metaspace       used 33951K, capacity 35300K, committed 35416K, reserved 1079296K
  class space    used 4380K, capacity 4654K, committed 4736K, reserved 1048576K
}
Event: 8.275 GC heap before
{Heap before GC invocations=11 (full 2):
 PSYoungGen      total 168448K, used 157184K [0x00000000d5c00000, 0x00000000e3980000, 0x0000000100000000)
  eden space 157184K, 100% used [0x00000000d5c00000,0x00000000df580000,0x00000000df580000)
  from space 11264K, 0% used [0x00000000e0300000,0x00000000e0300000,0x00000000e0e00000)
  to   space 13824K, 0% used [0x00000000df580000,0x00000000df580000,0x00000000e0300000)
 ParOldGen       total 94208K, used 18321K [0x0000000081400000, 0x0000000087000000, 0x00000000d5c00000)
  object space 94208K, 19% used [0x0000000081400000,0x00000000825e45d8,0x0000000087000000)
 Metaspace       used 47928K, capacity 49504K, committed 49752K, reserved 1091584K
  class space    used 6393K, capacity 6714K, committed 6784K, reserved 1048576K
Event: 8.302 GC heap after
Heap after GC invocations=11 (full 2):
 PSYoungGen      total 171008K, used 13792K [0x00000000d5c00000, 0x00000000e3f80000, 0x0000000100000000)
  eden space 157184K, 0% used [0x00000000d5c00000,0x00000000d5c00000,0x00000000df580000)
  from space 13824K, 99% used [0x00000000df580000,0x00000000e02f82d0,0x00000000e0300000)
  to   space 16384K, 0% used [0x00000000e2f80000,0x00000000e2f80000,0x00000000e3f80000)
 ParOldGen       total 94208K, used 19532K [0x0000000081400000, 0x0000000087000000, 0x00000000d5c00000)
  object space 94208K, 20% used [0x0000000081400000,0x0000000082713018,0x0000000087000000)
 Metaspace       used 47928K, capacity 49504K, committed 49752K, reserved 1091584K
  class space    used 6393K, capacity 6714K, committed 6784K, reserved 1048576K
}

