# JRE version: Java(TM) SE Runtime Environment (8.0_281-b09) (build 1.8.0_281-b09)
# Java VM: Java HotSpot(TM) 64-Bit Server VM (25.281-b09 mixed mode windows-amd64 compressed oops)
Heap:
 PSYoungGen      total 68096K, used 24197K [0x00000000d5c00000, 0x00000000ddc80000, 0x0000000100000000)
  eden space 62976K, 32% used [0x00000000d5c00000,0x00000000d70038c0,0x00000000d9980000)
  from space 5120K, 72% used [0x00000000da200000,0x00000000da59df08,0x00000000da700000)
  to   space 8704K, 0% used [0x00000000d9980000,0x00000000d9980000,0x00000000da200000)
 ParOldGen       total 50176K, used 6025K [0x0000000081400000, 0x0000000084500000, 0x00000000d5c00000)
  object space 50176K, 12% used [0x0000000081400000,0x00000000819e2680,0x0000000084500000)
 Metaspace       used 24581K, capacity 25330K, committed 25472K, reserved 1071104K
  class space    used 3146K, capacity 3341K, committed 3456K, reserved 1048576K
GC Heap History (10 events):
Event: 2.165 GC heap before
{Heap before GC invocations=3 (full 0):
 PSYoungGen      total 38400K, used 38368K [0x00000000d5c00000, 0x00000000da700000, 0x0000000100000000)
  eden space 33280K, 100% used [0x00000000d5c00000,0x00000000d7c80000,0x00000000d7c80000)
  from space 5120K, 99% used [0x00000000d8180000,0x00000000d8678088,0x00000000d8680000)
  to   space 5120K, 0% used [0x00000000d7c80000,0x00000000d7c80000,0x00000000d8180000)
 ParOldGen       total 87552K, used 350K [0x0000000081400000, 0x0000000086980000, 0x00000000d5c00000)
  object space 87552K, 0% used [0x0000000081400000,0x0000000081457a00,0x0000000086980000)
 Metaspace       used 15522K, capacity 15992K, committed 16000K, reserved 1062912K
  class space    used 2044K, capacity 2174K, committed 2176K, reserved 1048576K
Event: 2.171 GC heap after
Heap after GC invocations=3 (full 0):
 PSYoungGen      total 38400K, used 5091K [0x00000000d5c00000, 0x00000000da700000, 0x0000000100000000)
  eden space 33280K, 0% used [0x00000000d5c00000,0x00000000d5c00000,0x00000000d7c80000)
  from space 5120K, 99% used [0x00000000d7c80000,0x00000000d8178cb8,0x00000000d8180000)
  to   space 5120K, 0% used [0x00000000da200000,0x00000000da200000,0x00000000da700000)
 ParOldGen       total 87552K, used 1408K [0x0000000081400000, 0x0000000086980000, 0x00000000d5c00000)
  object space 87552K, 1% used [0x0000000081400000,0x0000000081560068,0x0000000086980000)
 Metaspace       used 15522K, capacity 15992K, committed 16000K, reserved 1062912K
  class space    used 2044K, capacity 2174K, committed 2176K, reserved 1048576K
}
Event: 2.507 GC heap before
{Heap before GC invocations=4 (full 0):
 PSYoungGen      total 38400K, used 38371K [0x00000000d5c00000, 0x00000000da700000, 0x0000000100000000)
  eden space 33280K, 100% used [0x00000000d5c00000,0x00000000d7c80000,0x00000000d7c80000)
  from space 5120K, 99% used [0x00000000d7c80000,0x00000000d8178cb8,0x00000000d8180000)
  to   space 5120K, 0% used [0x00000000da200000,0x00000000da200000,0x00000000da700000)
 ParOldGen       total 87552K, used 1408K [0x0000000081400000, 0x0000000086980000, 0x00000000d5c00000)
  object space 87552K, 1% used [0x0000000081400000,0x0000000081560068,0x0000000086980000)
 Metaspace       used 19596K, capacity 20104K, committed 20352K, reserved 1067008K
  class space    used 2484K, capacity 2624K, committed 2688K, reserved 1048576K
Event: 2.516 GC heap after
Heap after GC invocations=4 (full 0):
 PSYoungGen      total 71680K, used 5108K [0x00000000d5c00000, 0x00000000da700000, 0x0000000100000000)
  eden space 66560K, 0% used [0x00000000d5c00000,0x00000000d5c00000,0x00000000d9d00000)
  from space 5120K, 99% used [0x00000000da200000,0x00000000da6fd0a8,0x00000000da700000)
  to   space 5120K, 0% used [0x00000000d9d00000,0x00000000d9d00000,0x00000000da200000)
 ParOldGen       total 87552K, used 4387K [0x0000000081400000, 0x0000000086980000, 0x00000000d5c00000)
  object space 87552K, 5% used [0x0000000081400000,0x0000000081848f60,0x0000000086980000)
 Metaspace       used 19596K, capacity 20104K, committed 20352K, reserved 1067008K
  class space    used 2484K, capacity 2624K, committed 2688K, reserved 1048576K
}
Event: 2.606 GC heap before
{Heap before GC invocations=5 (full 0):
 PSYoungGen      total 71680K, used 17953K [0x00000000d5c00000, 0x00000000da700000, 0x0000000100000000)
  eden space 66560K, 19% used [0x00000000d5c00000,0x00000000d688b5e8,0x00000000d9d00000)
  from space 5120K, 99% used [0x00000000da200000,0x00000000da6fd0a8,0x00000000da700000)
  to   space 5120K, 0% used [0x00000000d9d00000,0x00000000d9d00000,0x00000000da200000)
 ParOldGen       total 87552K, used 4387K [0x0000000081400000, 0x0000000086980000, 0x00000000d5c00000)
  object space 87552K, 5% used [0x0000000081400000,0x0000000081848f60,0x0000000086980000)
 Metaspace       used 20585K, capacity 21072K, committed 21248K, reserved 1067008K
  class space    used 2624K, capacity 2754K, committed 2816K, reserved 1048576K
Event: 2.629 GC heap after
Heap after GC invocations=5 (full 0):
 PSYoungGen      total 71680K, used 5090K [0x00000000d5c00000, 0x00000000da700000, 0x0000000100000000)
  eden space 66560K, 0% used [0x00000000d5c00000,0x00000000d5c00000,0x00000000d9d00000)
  from space 5120K, 99% used [0x00000000d9d00000,0x00000000da1f8a60,0x00000000da200000)
  to   space 5120K, 0% used [0x00000000da200000,0x00000000da200000,0x00000000da700000)
 ParOldGen       total 87552K, used 5363K [0x0000000081400000, 0x0000000086980000, 0x00000000d5c00000)
  object space 87552K, 6% used [0x0000000081400000,0x000000008193ce68,0x0000000086980000)
 Metaspace       used 20585K, capacity 21072K, committed 21248K, reserved 1067008K
  class space    used 2624K, capacity 2754K, committed 2816K, reserved 1048576K
}
Event: 2.629 GC heap before
{Heap before GC invocations=6 (full 1):
 PSYoungGen      total 71680K, used 5090K [0x00000000d5c00000, 0x00000000da700000, 0x0000000100000000)
  eden space 66560K, 0% used [0x00000000d5c00000,0x00000000d5c00000,0x00000000d9d00000)
  from space 5120K, 99% used [0x00000000d9d00000,0x00000000da1f8a60,0x00000000da200000)
  to   space 5120K, 0% used [0x00000000da200000,0x00000000da200000,0x00000000da700000)
 ParOldGen       total 87552K, used 5363K [0x0000000081400000, 0x0000000086980000, 0x00000000d5c00000)
  object space 87552K, 6% used [0x0000000081400000,0x000000008193ce68,0x0000000086980000)
 Metaspace       used 20585K, capacity 21072K, committed 21248K, reserved 1067008K
  class space    used 2624K, capacity 2754K, committed 2816K, reserved 1048576K
Event: 2.683 GC heap after
Heap after GC invocations=6 (full 1):
 PSYoungGen      total 71680K, used 0K [0x00000000d5c00000, 0x00000000da700000, 0x0000000100000000)
  eden space 66560K, 0% used [0x00000000d5c00000,0x00000000d5c00000,0x00000000d9d00000)
  from space 5120K, 0% used [0x00000000d9d00000,0x00000000d9d00000,0x00000000da200000)
  to   space 5120K, 0% used [0x00000000da200000,0x00000000da200000,0x00000000da700000)
 ParOldGen       total 50176K, used 5953K [0x0000000081400000, 0x0000000084500000, 0x00000000d5c00000)
  object space 50176K, 11% used [0x0000000081400000,0x00000000819d0670,0x0000000084500000)
 Metaspace       used 20585K, capacity 21072K, committed 21248K, reserved 1067008K
  class space    used 2624K, capacity 2754K, committed 2816K, reserved 1048576K
}
Event: 3.162 GC heap before
{Heap before GC invocations=7 (full 1):
 PSYoungGen      total 71680K, used 66560K [0x00000000d5c00000, 0x00000000da700000, 0x0000000100000000)
  eden space 66560K, 100% used [0x00000000d5c00000,0x00000000d9d00000,0x00000000d9d00000)
  from space 5120K, 0% used [0x00000000d9d00000,0x00000000d9d00000,0x00000000da200000)
  to   space 5120K, 0% used [0x00000000da200000,0x00000000da200000,0x00000000da700000)
 ParOldGen       total 50176K, used 5953K [0x0000000081400000, 0x0000000084500000, 0x00000000d5c00000)
  object space 50176K, 11% used [0x0000000081400000,0x00000000819d0670,0x0000000084500000)
 Metaspace       used 23182K, capacity 23852K, committed 24192K, reserved 1071104K
  class space    used 2946K, capacity 3116K, committed 3200K, reserved 1048576K
Event: 3.167 GC heap after
Heap after GC invocations=7 (full 1):
 PSYoungGen      total 68096K, used 3703K [0x00000000d5c00000, 0x00000000ddc80000, 0x0000000100000000)
  eden space 62976K, 0% used [0x00000000d5c00000,0x00000000d5c00000,0x00000000d9980000)
  from space 5120K, 72% used [0x00000000da200000,0x00000000da59df08,0x00000000da700000)
  to   space 8704K, 0% used [0x00000000d9980000,0x00000000d9980000,0x00000000da200000)
 ParOldGen       total 50176K, used 6025K [0x0000000081400000, 0x0000000084500000, 0x00000000d5c00000)
  object space 50176K, 12% used [0x0000000081400000,0x00000000819e2680,0x0000000084500000)
 Metaspace       used 23182K, capacity 23852K, committed 24192K, reserved 1071104K
  class space    used 2946K, capacity 3116K, committed 3200K, reserved 1048576K
}

