# JRE version: Java(TM) SE Runtime Environment (8.0_281-b09) (build 1.8.0_281-b09)
# Java VM: Java HotSpot(TM) 64-Bit Server VM (25.281-b09 mixed mode windows-amd64 compressed oops)
Heap:
 PSYoungGen      total 250368K, used 3596K [0x00000000d5c00000, 0x00000000e6780000, 0x0000000100000000)
  eden space 234496K, 1% used [0x00000000d5c00000,0x00000000d5f83328,0x00000000e4100000)
  from space 15872K, 0% used [0x00000000e5800000,0x00000000e5800000,0x00000000e6780000)
  to   space 19456K, 0% used [0x00000000e4180000,0x00000000e4180000,0x00000000e5480000)
 ParOldGen       total 113152K, used 29569K [0x0000000081400000, 0x0000000088280000, 0x00000000d5c00000)
  object space 113152K, 26% used [0x0000000081400000,0x00000000830e0440,0x0000000088280000)
 Metaspace       used 57037K, capacity 59000K, committed 59224K, reserved 1099776K
  class space    used 7672K, capacity 8022K, committed 8064K, reserved 1048576K
GC Heap History (10 events):
Event: 6.514 GC heap before
{Heap before GC invocations=9 (full 1):
 PSYoungGen      total 136704K, used 77107K [0x00000000d5c00000, 0x00000000e2680000, 0x0000000100000000)
  eden space 128000K, 53% used [0x00000000d5c00000,0x00000000d9ecd8d0,0x00000000dd900000)
  from space 8704K, 99% used [0x00000000dd900000,0x00000000de17f5d8,0x00000000de180000)
  to   space 11776K, 0% used [0x00000000e1b00000,0x00000000e1b00000,0x00000000e2680000)
 ParOldGen       total 52224K, used 10007K [0x0000000081400000, 0x0000000084700000, 0x00000000d5c00000)
  object space 52224K, 19% used [0x0000000081400000,0x0000000081dc5fa0,0x0000000084700000)
 Metaspace       used 33968K, capacity 35304K, committed 35416K, reserved 1079296K
  class space    used 4378K, capacity 4654K, committed 4736K, reserved 1048576K
Event: 6.528 GC heap after
Heap after GC invocations=9 (full 1):
 PSYoungGen      total 193024K, used 11755K [0x00000000d5c00000, 0x00000000e4280000, 0x0000000100000000)
  eden space 181248K, 0% used [0x00000000d5c00000,0x00000000d5c00000,0x00000000e0d00000)
  from space 11776K, 99% used [0x00000000e1b00000,0x00000000e267af48,0x00000000e2680000)
  to   space 14336K, 0% used [0x00000000e0d00000,0x00000000e0d00000,0x00000000e1b00000)
 ParOldGen       total 52224K, used 11996K [0x0000000081400000, 0x0000000084700000, 0x00000000d5c00000)
  object space 52224K, 22% used [0x0000000081400000,0x0000000081fb7338,0x0000000084700000)
 Metaspace       used 33968K, capacity 35304K, committed 35416K, reserved 1079296K
  class space    used 4378K, capacity 4654K, committed 4736K, reserved 1048576K
}
Event: 6.529 GC heap before
{Heap before GC invocations=10 (full 2):
 PSYoungGen      total 193024K, used 11755K [0x00000000d5c00000, 0x00000000e4280000, 0x0000000100000000)
  eden space 181248K, 0% used [0x00000000d5c00000,0x00000000d5c00000,0x00000000e0d00000)
  from space 11776K, 99% used [0x00000000e1b00000,0x00000000e267af48,0x00000000e2680000)
  to   space 14336K, 0% used [0x00000000e0d00000,0x00000000e0d00000,0x00000000e1b00000)
 ParOldGen       total 52224K, used 11996K [0x0000000081400000, 0x0000000084700000, 0x00000000d5c00000)
  object space 52224K, 22% used [0x0000000081400000,0x0000000081fb7338,0x0000000084700000)
 Metaspace       used 33968K, capacity 35304K, committed 35416K, reserved 1079296K
  class space    used 4378K, capacity 4654K, committed 4736K, reserved 1048576K
Event: 6.627 GC heap after
Heap after GC invocations=10 (full 2):
 PSYoungGen      total 193024K, used 0K [0x00000000d5c00000, 0x00000000e4280000, 0x0000000100000000)
  eden space 181248K, 0% used [0x00000000d5c00000,0x00000000d5c00000,0x00000000e0d00000)
  from space 11776K, 0% used [0x00000000e1b00000,0x00000000e1b00000,0x00000000e2680000)
  to   space 14336K, 0% used [0x00000000e0d00000,0x00000000e0d00000,0x00000000e1b00000)
 ParOldGen       total 83456K, used 17831K [0x0000000081400000, 0x0000000086580000, 0x00000000d5c00000)
  object space 83456K, 21% used [0x0000000081400000,0x0000000082569d70,0x0000000086580000)
 Metaspace       used 33968K, capacity 35304K, committed 35416K, reserved 1079296K
  class space    used 4378K, capacity 4654K, committed 4736K, reserved 1048576K
}
Event: 9.189 GC heap before
{Heap before GC invocations=11 (full 2):
 PSYoungGen      total 193024K, used 181248K [0x00000000d5c00000, 0x00000000e4280000, 0x0000000100000000)
  eden space 181248K, 100% used [0x00000000d5c00000,0x00000000e0d00000,0x00000000e0d00000)
  from space 11776K, 0% used [0x00000000e1b00000,0x00000000e1b00000,0x00000000e2680000)
  to   space 14336K, 0% used [0x00000000e0d00000,0x00000000e0d00000,0x00000000e1b00000)
 ParOldGen       total 83456K, used 17831K [0x0000000081400000, 0x0000000086580000, 0x00000000d5c00000)
  object space 83456K, 21% used [0x0000000081400000,0x0000000082569d70,0x0000000086580000)
 Metaspace       used 49190K, capacity 50766K, committed 51160K, reserved 1093632K
  class space    used 6587K, capacity 6879K, committed 6912K, reserved 1048576K
Event: 9.210 GC heap after
Heap after GC invocations=11 (full 2):
 PSYoungGen      total 195584K, used 14309K [0x00000000d5c00000, 0x00000000e6900000, 0x0000000100000000)
  eden space 181248K, 0% used [0x00000000d5c00000,0x00000000d5c00000,0x00000000e0d00000)
  from space 14336K, 99% used [0x00000000e0d00000,0x00000000e1af9688,0x00000000e1b00000)
  to   space 17408K, 0% used [0x00000000e5800000,0x00000000e5800000,0x00000000e6900000)
 ParOldGen       total 83456K, used 20356K [0x0000000081400000, 0x0000000086580000, 0x00000000d5c00000)
  object space 83456K, 24% used [0x0000000081400000,0x00000000827e1250,0x0000000086580000)
 Metaspace       used 49190K, capacity 50766K, committed 51160K, reserved 1093632K
  class space    used 6587K, capacity 6879K, committed 6912K, reserved 1048576K
}
Event: 25.993 GC heap before
{Heap before GC invocations=12 (full 2):
 PSYoungGen      total 195584K, used 133585K [0x00000000d5c00000, 0x00000000e6900000, 0x0000000100000000)
  eden space 181248K, 65% used [0x00000000d5c00000,0x00000000dd07aea8,0x00000000e0d00000)
  from space 14336K, 99% used [0x00000000e0d00000,0x00000000e1af9688,0x00000000e1b00000)
  to   space 17408K, 0% used [0x00000000e5800000,0x00000000e5800000,0x00000000e6900000)
 ParOldGen       total 83456K, used 20356K [0x0000000081400000, 0x0000000086580000, 0x00000000d5c00000)
  object space 83456K, 24% used [0x0000000081400000,0x00000000827e1250,0x0000000086580000)
 Metaspace       used 56898K, capacity 58834K, committed 58968K, reserved 1099776K
  class space    used 7640K, capacity 7989K, committed 8064K, reserved 1048576K
Event: 26.065 GC heap after
Heap after GC invocations=12 (full 2):
 PSYoungGen      total 250368K, used 15813K [0x00000000d5c00000, 0x00000000e6780000, 0x0000000100000000)
  eden space 234496K, 0% used [0x00000000d5c00000,0x00000000d5c00000,0x00000000e4100000)
  from space 15872K, 99% used [0x00000000e5800000,0x00000000e6771470,0x00000000e6780000)
  to   space 19456K, 0% used [0x00000000e4180000,0x00000000e4180000,0x00000000e5480000)
 ParOldGen       total 83456K, used 20364K [0x0000000081400000, 0x0000000086580000, 0x00000000d5c00000)
  object space 83456K, 24% used [0x0000000081400000,0x00000000827e3250,0x0000000086580000)
 Metaspace       used 56898K, capacity 58834K, committed 58968K, reserved 1099776K
  class space    used 7640K, capacity 7989K, committed 8064K, reserved 1048576K
}
Event: 26.066 GC heap before
{Heap before GC invocations=13 (full 3):
 PSYoungGen      total 250368K, used 15813K [0x00000000d5c00000, 0x00000000e6780000, 0x0000000100000000)
  eden space 234496K, 0% used [0x00000000d5c00000,0x00000000d5c00000,0x00000000e4100000)
  from space 15872K, 99% used [0x00000000e5800000,0x00000000e6771470,0x00000000e6780000)
  to   space 19456K, 0% used [0x00000000e4180000,0x00000000e4180000,0x00000000e5480000)
 ParOldGen       total 83456K, used 20364K [0x0000000081400000, 0x0000000086580000, 0x00000000d5c00000)
  object space 83456K, 24% used [0x0000000081400000,0x00000000827e3250,0x0000000086580000)
 Metaspace       used 56898K, capacity 58834K, committed 58968K, reserved 1099776K
  class space    used 7640K, capacity 7989K, committed 8064K, reserved 1048576K
Event: 26.343 GC heap after
Heap after GC invocations=13 (full 3):
 PSYoungGen      total 250368K, used 0K [0x00000000d5c00000, 0x00000000e6780000, 0x0000000100000000)
  eden space 234496K, 0% used [0x00000000d5c00000,0x00000000d5c00000,0x00000000e4100000)
  from space 15872K, 0% used [0x00000000e5800000,0x00000000e5800000,0x00000000e6780000)
  to   space 19456K, 0% used [0x00000000e4180000,0x00000000e4180000,0x00000000e5480000)
 ParOldGen       total 113152K, used 29569K [0x0000000081400000, 0x0000000088280000, 0x00000000d5c00000)
  object space 113152K, 26% used [0x0000000081400000,0x00000000830e0440,0x0000000088280000)
 Metaspace       used 56898K, capacity 58834K, committed 58968K, reserved 1099776K
  class space    used 7640K, capacity 7989K, committed 8064K, reserved 1048576K
}

